{
"contracts\\AuthorizeContract.sol":{"l":{"19":5,"20":5,"24":0,"29":4,"30":4,"34":3,"37":2,"38":2,"42":8,"43":8,"45":8,"46":8,"47":8},"path":"E:\\Authorize\\contracts\\AuthorizeContract.sol","s":{"1":0,"2":4,"3":4,"4":3,"5":2,"6":2,"7":8,"8":8,"9":8,"10":8,"11":8},"b":{"1":[3,1],"2":[2,1]},"f":{"1":5,"2":0,"3":4,"4":8},"fnMap":{"1":{"name":"constructor","line":18,"loc":{"start":{"line":18,"column":4},"end":{"line":21,"column":4}}},"2":{"name":"_balanceOf","line":23,"loc":{"start":{"line":23,"column":4},"end":{"line":25,"column":4}}},"3":{"name":"buyNft","line":27,"loc":{"start":{"line":27,"column":4},"end":{"line":39,"column":4}}},"4":{"name":"calculateTokenAmount","line":41,"loc":{"start":{"line":41,"column":4},"end":{"line":48,"column":4}}}},"statementMap":{"1":{"start":{"line":24,"column":8},"end":{"line":24,"column":43}},"2":{"start":{"line":29,"column":8},"end":{"line":29,"column":52}},"3":{"start":{"line":30,"column":8},"end":{"line":30,"column":953}},"4":{"start":{"line":34,"column":8},"end":{"line":34,"column":1089}},"5":{"start":{"line":37,"column":8},"end":{"line":37,"column":70}},"6":{"start":{"line":38,"column":8},"end":{"line":38,"column":27}},"7":{"start":{"line":42,"column":8},"end":{"line":42,"column":50}},"8":{"start":{"line":43,"column":8},"end":{"line":43,"column":49}},"9":{"start":{"line":45,"column":8},"end":{"line":45,"column":93}},"10":{"start":{"line":46,"column":8},"end":{"line":46,"column":54}},"11":{"start":{"line":47,"column":8},"end":{"line":47,"column":29}}},"branchMap":{"1":{"line":30,"type":"if","locations":[{"start":{"line":30,"column":8},"end":{"line":30,"column":8}},{"start":{"line":30,"column":8},"end":{"line":30,"column":8}}]},"2":{"line":34,"type":"if","locations":[{"start":{"line":34,"column":8},"end":{"line":34,"column":8}},{"start":{"line":34,"column":8},"end":{"line":34,"column":8}}]}}},
"contracts\\MyToken.sol":{"l":{"9":5,"13":4},"path":"E:\\Authorize\\contracts\\MyToken.sol","s":{"1":5,"2":4},"b":{"1":[4,0]},"f":{"1":5,"2":4},"fnMap":{"1":{"name":"constructor","line":8,"loc":{"start":{"line":8,"column":4},"end":{"line":10,"column":4}}},"2":{"name":"mint","line":12,"loc":{"start":{"line":12,"column":4},"end":{"line":14,"column":4}}}},"statementMap":{"1":{"start":{"line":9,"column":8},"end":{"line":9,"column":55}},"2":{"start":{"line":13,"column":8},"end":{"line":13,"column":24}}},"branchMap":{"1":{"line":12,"type":"if","locations":[{"start":{"line":12,"column":53},"end":{"line":12,"column":53}},{"start":{"line":12,"column":53},"end":{"line":12,"column":53}}]}}},
"contracts\\Suzuki.sol":{"l":{"19":10,"23":2,"24":2,"25":2,"29":3,"30":3,"34":3,"38":8,"44":0,"53":0,"62":0},"path":"E:\\Authorize\\contracts\\Suzuki.sol","s":{"1":2,"2":2,"3":2,"4":3,"5":3,"6":8,"7":0,"8":0,"9":0},"b":{"1":[3,0],"2":[3,0]},"f":{"1":10,"2":2,"3":3,"4":3,"5":8,"6":0,"7":0,"8":0},"fnMap":{"1":{"name":"constructor","line":18,"loc":{"start":{"line":18,"column":4},"end":{"line":20,"column":4}}},"2":{"name":"safeMint","line":22,"loc":{"start":{"line":22,"column":4},"end":{"line":26,"column":4}}},"3":{"name":"authorizeUser","line":28,"loc":{"start":{"line":28,"column":4},"end":{"line":31,"column":4}}},"4":{"name":"getAuthorizedUserStatus","line":33,"loc":{"start":{"line":33,"column":4},"end":{"line":35,"column":4}}},"5":{"name":"getBlockNumber","line":37,"loc":{"start":{"line":37,"column":4},"end":{"line":39,"column":4}}},"6":{"name":"_burn","line":43,"loc":{"start":{"line":43,"column":4},"end":{"line":45,"column":4}}},"7":{"name":"tokenURI","line":47,"loc":{"start":{"line":47,"column":4},"end":{"line":54,"column":4}}},"8":{"name":"supportsInterface","line":56,"loc":{"start":{"line":56,"column":4},"end":{"line":63,"column":4}}}},"statementMap":{"1":{"start":{"line":23,"column":8},"end":{"line":23,"column":51}},"2":{"start":{"line":24,"column":8},"end":{"line":24,"column":34}},"3":{"start":{"line":25,"column":8},"end":{"line":25,"column":29}},"4":{"start":{"line":29,"column":8},"end":{"line":29,"column":90}},"5":{"start":{"line":34,"column":8},"end":{"line":34,"column":48}},"6":{"start":{"line":38,"column":8},"end":{"line":38,"column":31}},"7":{"start":{"line":44,"column":8},"end":{"line":44,"column":27}},"8":{"start":{"line":53,"column":8},"end":{"line":53,"column":38}},"9":{"start":{"line":62,"column":8},"end":{"line":62,"column":51}}},"branchMap":{"1":{"line":28,"type":"if","locations":[{"start":{"line":28,"column":65},"end":{"line":28,"column":65}},{"start":{"line":28,"column":65},"end":{"line":28,"column":65}}]},"2":{"line":29,"type":"if","locations":[{"start":{"line":29,"column":8},"end":{"line":29,"column":8}},{"start":{"line":29,"column":8},"end":{"line":29,"column":8}}]}}}}
