{
"contracts\\AnotherToken.sol":{"l":{"9":7,"13":1},"path":"E:\\Authorize\\contracts\\AnotherToken.sol","s":{"1":7,"2":1},"b":{"1":[1,0]},"f":{"1":7,"2":1},"fnMap":{"1":{"name":"constructor","line":8,"loc":{"start":{"line":8,"column":4},"end":{"line":10,"column":4}}},"2":{"name":"mint","line":12,"loc":{"start":{"line":12,"column":4},"end":{"line":14,"column":4}}}},"statementMap":{"1":{"start":{"line":9,"column":8},"end":{"line":9,"column":66}},"2":{"start":{"line":13,"column":8},"end":{"line":13,"column":24}}},"branchMap":{"1":{"line":12,"type":"if","locations":[{"start":{"line":12,"column":53},"end":{"line":12,"column":53}},{"start":{"line":12,"column":53},"end":{"line":12,"column":53}}]}}},
"contracts\\AuthorizeContract.sol":{"l":{"36":7,"37":7,"38":7,"43":7,"44":7,"45":7,"46":7,"50":0,"51":0,"55":9,"56":9,"57":9,"59":9,"60":8,"61":7,"62":6,"63":5,"65":4,"66":4,"67":4,"68":4,"73":14,"74":14,"76":14,"77":14,"78":14},"path":"E:\\Authorize\\contracts\\AuthorizeContract.sol","s":{"1":7,"2":7,"3":7,"4":0,"5":0,"6":9,"7":9,"8":9,"9":9,"10":8,"11":7,"12":6,"13":5,"14":4,"15":4,"16":14,"17":14,"18":14,"19":14,"20":14},"b":{"1":[7,0],"2":[9,0],"3":[8,1],"4":[7,1],"5":[6,1],"6":[5,1],"7":[4,1]},"f":{"1":7,"2":7,"3":0,"4":9,"5":14},"fnMap":{"1":{"name":"constructor","line":35,"loc":{"start":{"line":35,"column":4},"end":{"line":40,"column":4}}},"2":{"name":"createNftsforSale","line":42,"loc":{"start":{"line":42,"column":4},"end":{"line":47,"column":4}}},"3":{"name":"_balanceOfToken","line":49,"loc":{"start":{"line":49,"column":4},"end":{"line":52,"column":4}}},"4":{"name":"buyNft","line":54,"loc":{"start":{"line":54,"column":4},"end":{"line":70,"column":4}}},"5":{"name":"calculateTokenAmount","line":72,"loc":{"start":{"line":72,"column":4},"end":{"line":79,"column":4}}}},"statementMap":{"1":{"start":{"line":43,"column":8},"end":{"line":43,"column":26}},"2":{"start":{"line":44,"column":8},"end":{"line":44,"column":42}},"3":{"start":{"line":46,"column":8},"end":{"line":46,"column":62}},"4":{"start":{"line":50,"column":8},"end":{"line":50,"column":51}},"5":{"start":{"line":51,"column":8},"end":{"line":51,"column":22}},"6":{"start":{"line":55,"column":8},"end":{"line":55,"column":52}},"7":{"start":{"line":56,"column":8},"end":{"line":56,"column":51}},"8":{"start":{"line":57,"column":8},"end":{"line":57,"column":44}},"9":{"start":{"line":59,"column":8},"end":{"line":59,"column":45}},"10":{"start":{"line":60,"column":8},"end":{"line":60,"column":69}},"11":{"start":{"line":61,"column":8},"end":{"line":61,"column":93}},"12":{"start":{"line":62,"column":8},"end":{"line":62,"column":90}},"13":{"start":{"line":63,"column":8},"end":{"line":63,"column":70}},"14":{"start":{"line":65,"column":8},"end":{"line":65,"column":70}},"15":{"start":{"line":68,"column":8},"end":{"line":68,"column":65}},"16":{"start":{"line":73,"column":8},"end":{"line":73,"column":57}},"17":{"start":{"line":74,"column":8},"end":{"line":74,"column":49}},"18":{"start":{"line":76,"column":8},"end":{"line":76,"column":89}},"19":{"start":{"line":77,"column":8},"end":{"line":77,"column":54}},"20":{"start":{"line":78,"column":8},"end":{"line":78,"column":29}}},"branchMap":{"1":{"line":42,"type":"if","locations":[{"start":{"line":42,"column":76},"end":{"line":42,"column":76}},{"start":{"line":42,"column":76},"end":{"line":42,"column":76}}]},"2":{"line":54,"type":"if","locations":[{"start":{"line":54,"column":55},"end":{"line":54,"column":55}},{"start":{"line":54,"column":55},"end":{"line":54,"column":55}}]},"3":{"line":59,"type":"if","locations":[{"start":{"line":59,"column":8},"end":{"line":59,"column":8}},{"start":{"line":59,"column":8},"end":{"line":59,"column":8}}]},"4":{"line":60,"type":"if","locations":[{"start":{"line":60,"column":8},"end":{"line":60,"column":8}},{"start":{"line":60,"column":8},"end":{"line":60,"column":8}}]},"5":{"line":61,"type":"if","locations":[{"start":{"line":61,"column":8},"end":{"line":61,"column":8}},{"start":{"line":61,"column":8},"end":{"line":61,"column":8}}]},"6":{"line":62,"type":"if","locations":[{"start":{"line":62,"column":8},"end":{"line":62,"column":8}},{"start":{"line":62,"column":8},"end":{"line":62,"column":8}}]},"7":{"line":63,"type":"if","locations":[{"start":{"line":63,"column":8},"end":{"line":63,"column":8}},{"start":{"line":63,"column":8},"end":{"line":63,"column":8}}]}}},
"contracts\\MyToken.sol":{"l":{"9":7,"13":6},"path":"E:\\Authorize\\contracts\\MyToken.sol","s":{"1":7,"2":6},"b":{"1":[6,0]},"f":{"1":7,"2":6},"fnMap":{"1":{"name":"constructor","line":8,"loc":{"start":{"line":8,"column":4},"end":{"line":10,"column":4}}},"2":{"name":"mint","line":12,"loc":{"start":{"line":12,"column":4},"end":{"line":14,"column":4}}}},"statementMap":{"1":{"start":{"line":9,"column":8},"end":{"line":9,"column":55}},"2":{"start":{"line":13,"column":8},"end":{"line":13,"column":24}}},"branchMap":{"1":{"line":12,"type":"if","locations":[{"start":{"line":12,"column":53},"end":{"line":12,"column":53}},{"start":{"line":12,"column":53},"end":{"line":12,"column":53}}]}}},
"contracts\\Suzuki.sol":{"l":{"22":7,"26":6,"27":6,"29":6,"30":600,"31":600,"32":600,"33":600,"38":5,"42":0,"46":6,"47":6,"51":6,"55":14,"61":0,"70":0,"79":0},"path":"E:\\Authorize\\contracts\\Suzuki.sol","s":{"1":6,"2":6,"3":6,"4":600,"5":600,"6":600,"7":5,"8":0,"9":6,"10":6,"11":14,"12":0,"13":0,"14":0},"b":{"1":[6,0],"2":[6,0],"3":[6,0],"4":[6,0],"5":[6,0]},"f":{"1":7,"2":6,"3":5,"4":0,"5":6,"6":6,"7":14,"8":0,"9":0,"10":0},"fnMap":{"1":{"name":"constructor","line":21,"loc":{"start":{"line":21,"column":4},"end":{"line":23,"column":4}}},"2":{"name":"safeMint","line":25,"loc":{"start":{"line":25,"column":4},"end":{"line":35,"column":4}}},"3":{"name":"isTokenMinted","line":37,"loc":{"start":{"line":37,"column":4},"end":{"line":39,"column":4}}},"4":{"name":"getAvailableTokensForSale","line":41,"loc":{"start":{"line":41,"column":4},"end":{"line":43,"column":4}}},"5":{"name":"authorizeUser","line":45,"loc":{"start":{"line":45,"column":4},"end":{"line":48,"column":4}}},"6":{"name":"getAuthorizedUserStatus","line":50,"loc":{"start":{"line":50,"column":4},"end":{"line":52,"column":4}}},"7":{"name":"getBlockNumber","line":54,"loc":{"start":{"line":54,"column":4},"end":{"line":56,"column":4}}},"8":{"name":"_burn","line":60,"loc":{"start":{"line":60,"column":4},"end":{"line":62,"column":4}}},"9":{"name":"tokenURI","line":64,"loc":{"start":{"line":64,"column":4},"end":{"line":71,"column":4}}},"10":{"name":"supportsInterface","line":73,"loc":{"start":{"line":73,"column":4},"end":{"line":80,"column":4}}}},"statementMap":{"1":{"start":{"line":26,"column":8},"end":{"line":26,"column":62}},"2":{"start":{"line":27,"column":8},"end":{"line":27,"column":90}},"3":{"start":{"line":29,"column":8},"end":{"line":29,"column":1094}},"4":{"start":{"line":30,"column":12},"end":{"line":30,"column":55}},"5":{"start":{"line":31,"column":12},"end":{"line":31,"column":38}},"6":{"start":{"line":33,"column":12},"end":{"line":33,"column":41}},"7":{"start":{"line":38,"column":8},"end":{"line":38,"column":37}},"8":{"start":{"line":42,"column":8},"end":{"line":42,"column":31}},"9":{"start":{"line":46,"column":8},"end":{"line":46,"column":90}},"10":{"start":{"line":51,"column":8},"end":{"line":51,"column":48}},"11":{"start":{"line":55,"column":8},"end":{"line":55,"column":31}},"12":{"start":{"line":61,"column":8},"end":{"line":61,"column":27}},"13":{"start":{"line":70,"column":8},"end":{"line":70,"column":38}},"14":{"start":{"line":79,"column":8},"end":{"line":79,"column":51}}},"branchMap":{"1":{"line":25,"type":"if","locations":[{"start":{"line":25,"column":47},"end":{"line":25,"column":47}},{"start":{"line":25,"column":47},"end":{"line":25,"column":47}}]},"2":{"line":26,"type":"if","locations":[{"start":{"line":26,"column":8},"end":{"line":26,"column":8}},{"start":{"line":26,"column":8},"end":{"line":26,"column":8}}]},"3":{"line":27,"type":"if","locations":[{"start":{"line":27,"column":8},"end":{"line":27,"column":8}},{"start":{"line":27,"column":8},"end":{"line":27,"column":8}}]},"4":{"line":45,"type":"if","locations":[{"start":{"line":45,"column":65},"end":{"line":45,"column":65}},{"start":{"line":45,"column":65},"end":{"line":45,"column":65}}]},"5":{"line":46,"type":"if","locations":[{"start":{"line":46,"column":8},"end":{"line":46,"column":8}},{"start":{"line":46,"column":8},"end":{"line":46,"column":8}}]}}}}
