TN:
SF:E:\Authorize\contracts\AuthorizeContract.sol
FN:18,constructor
FN:23,_balanceOf
FN:27,buyNft
FN:41,calculateTokenAmount
FNF:4
FNH:3
FNDA:5,constructor
FNDA:0,_balanceOf
FNDA:4,buyNft
FNDA:8,calculateTokenAmount
DA:19,5
DA:20,5
DA:24,0
DA:29,4
DA:30,4
DA:34,3
DA:37,2
DA:38,2
DA:42,8
DA:43,8
DA:45,8
DA:46,8
DA:47,8
LF:13
LH:12
BRDA:30,1,0,3
BRDA:30,1,1,1
BRDA:34,2,0,2
BRDA:34,2,1,1
BRF:4
BRH:4
end_of_record
TN:
SF:E:\Authorize\contracts\MyToken.sol
FN:8,constructor
FN:12,mint
FNF:2
FNH:2
FNDA:5,constructor
FNDA:4,mint
DA:9,5
DA:13,4
LF:2
LH:2
BRDA:12,1,0,4
BRDA:12,1,1,0
BRF:2
BRH:1
end_of_record
TN:
SF:E:\Authorize\contracts\Suzuki.sol
FN:18,constructor
FN:22,safeMint
FN:28,authorizeUser
FN:33,getAuthorizedUserStatus
FN:37,getBlockNumber
FN:43,_burn
FN:47,tokenURI
FN:56,supportsInterface
FNF:8
FNH:5
FNDA:10,constructor
FNDA:2,safeMint
FNDA:3,authorizeUser
FNDA:3,getAuthorizedUserStatus
FNDA:8,getBlockNumber
FNDA:0,_burn
FNDA:0,tokenURI
FNDA:0,supportsInterface
DA:19,10
DA:23,2
DA:24,2
DA:25,2
DA:29,3
DA:30,3
DA:34,3
DA:38,8
DA:44,0
DA:53,0
DA:62,0
LF:11
LH:8
BRDA:28,1,0,3
BRDA:28,1,1,0
BRDA:29,2,0,3
BRDA:29,2,1,0
BRF:4
BRH:2
end_of_record
