TN:
SF:E:\Authorize\contracts\AnotherToken.sol
FN:8,constructor
FN:12,mint
FNF:2
FNH:2
FNDA:7,constructor
FNDA:1,mint
DA:9,7
DA:13,1
LF:2
LH:2
BRDA:12,1,0,1
BRDA:12,1,1,0
BRF:2
BRH:1
end_of_record
TN:
SF:E:\Authorize\contracts\AuthorizeContract.sol
FN:35,constructor
FN:42,createNftsforSale
FN:49,_balanceOfToken
FN:54,buyNft
FN:72,calculateTokenAmount
FNF:5
FNH:4
FNDA:7,constructor
FNDA:7,createNftsforSale
FNDA:0,_balanceOfToken
FNDA:9,buyNft
FNDA:14,calculateTokenAmount
DA:36,7
DA:37,7
DA:38,7
DA:43,7
DA:44,7
DA:45,7
DA:46,7
DA:50,0
DA:51,0
DA:55,9
DA:56,9
DA:57,9
DA:59,9
DA:60,8
DA:61,7
DA:62,6
DA:63,5
DA:65,4
DA:66,4
DA:67,4
DA:68,4
DA:73,14
DA:74,14
DA:76,14
DA:77,14
DA:78,14
LF:26
LH:24
BRDA:42,1,0,7
BRDA:42,1,1,0
BRDA:54,2,0,9
BRDA:54,2,1,0
BRDA:59,3,0,8
BRDA:59,3,1,1
BRDA:60,4,0,7
BRDA:60,4,1,1
BRDA:61,5,0,6
BRDA:61,5,1,1
BRDA:62,6,0,5
BRDA:62,6,1,1
BRDA:63,7,0,4
BRDA:63,7,1,1
BRF:14
BRH:12
end_of_record
TN:
SF:E:\Authorize\contracts\MyToken.sol
FN:8,constructor
FN:12,mint
FNF:2
FNH:2
FNDA:7,constructor
FNDA:6,mint
DA:9,7
DA:13,6
LF:2
LH:2
BRDA:12,1,0,6
BRDA:12,1,1,0
BRF:2
BRH:1
end_of_record
TN:
SF:E:\Authorize\contracts\Suzuki.sol
FN:21,constructor
FN:25,safeMint
FN:37,isTokenMinted
FN:41,getAvailableTokensForSale
FN:45,authorizeUser
FN:50,getAuthorizedUserStatus
FN:54,getBlockNumber
FN:60,_burn
FN:64,tokenURI
FN:73,supportsInterface
FNF:10
FNH:6
FNDA:7,constructor
FNDA:6,safeMint
FNDA:5,isTokenMinted
FNDA:0,getAvailableTokensForSale
FNDA:6,authorizeUser
FNDA:6,getAuthorizedUserStatus
FNDA:14,getBlockNumber
FNDA:0,_burn
FNDA:0,tokenURI
FNDA:0,supportsInterface
DA:22,7
DA:26,6
DA:27,6
DA:29,6
DA:30,600
DA:31,600
DA:32,600
DA:33,600
DA:38,5
DA:42,0
DA:46,6
DA:47,6
DA:51,6
DA:55,14
DA:61,0
DA:70,0
DA:79,0
LF:17
LH:13
BRDA:25,1,0,6
BRDA:25,1,1,0
BRDA:26,2,0,6
BRDA:26,2,1,0
BRDA:27,3,0,6
BRDA:27,3,1,0
BRDA:45,4,0,6
BRDA:45,4,1,0
BRDA:46,5,0,6
BRDA:46,5,1,0
BRF:10
BRH:5
end_of_record
